{"C:\\Users\\CS\\Desktop\\React\\learning-react-1\\src\\Constant.js": {"path":"C:\\Users\\CS\\Desktop\\React\\learning-react-1\\src\\Constant.js","statementMap":{"0":{"start":{"line":1,"column":27},"end":{"line":1,"column":105}},"1":{"start":{"line":3,"column":26},"end":{"line":3,"column":149}},"2":{"start":{"line":7,"column":38},"end":{"line":7,"column":168}},"3":{"start":{"line":9,"column":43},"end":{"line":9,"column":64}},"4":{"start":{"line":11,"column":22},"end":{"line":796,"column":1}}},"fnMap":{},"branchMap":{},"s":{"0":2,"1":2,"2":2,"3":2,"4":2},"f":{},"b":{},"_coverageSchema":"1a1c01bbd47fc00a2c39e90264f33305004495a9","hash":"d1bc25060967b17b9761d6be488f88d9105c8d72"}
,"C:\\Users\\CS\\Desktop\\React\\learning-react-1\\src\\components\\Body.js": {"path":"C:\\Users\\CS\\Desktop\\React\\learning-react-1\\src\\components\\Body.js","statementMap":{"0":{"start":{"line":14,"column":13},"end":{"line":91,"column":1}},"1":{"start":{"line":15,"column":36},"end":{"line":15,"column":48}},"2":{"start":{"line":16,"column":44},"end":{"line":16,"column":56}},"3":{"start":{"line":17,"column":54},"end":{"line":17,"column":66}},"4":{"start":{"line":19,"column":2},"end":{"line":21,"column":9}},"5":{"start":{"line":20,"column":4},"end":{"line":20,"column":13}},"6":{"start":{"line":31,"column":17},"end":{"line":31,"column":40}},"7":{"start":{"line":32,"column":17},"end":{"line":32,"column":34}},"8":{"start":{"line":33,"column":4},"end":{"line":33,"column":63}},"9":{"start":{"line":34,"column":4},"end":{"line":34,"column":68}},"10":{"start":{"line":36,"column":17},"end":{"line":36,"column":28}},"11":{"start":{"line":37,"column":2},"end":{"line":39,"column":3}},"12":{"start":{"line":38,"column":4},"end":{"line":38,"column":54}},"13":{"start":{"line":41,"column":2},"end":{"line":41,"column":35}},"14":{"start":{"line":41,"column":23},"end":{"line":41,"column":35}},"15":{"start":{"line":42,"column":2},"end":{"line":43,"column":55}},"16":{"start":{"line":43,"column":4},"end":{"line":43,"column":55}},"17":{"start":{"line":44,"column":2},"end":{"line":90,"column":4}},"18":{"start":{"line":56,"column":12},"end":{"line":56,"column":42}},"19":{"start":{"line":64,"column":25},"end":{"line":64,"column":73}},"20":{"start":{"line":65,"column":12},"end":{"line":65,"column":41}},"21":{"start":{"line":79,"column":10},"end":{"line":86,"column":12}}},"fnMap":{"0":{"name":"(anonymous_0)","decl":{"start":{"line":14,"column":13},"end":{"line":14,"column":14}},"loc":{"start":{"line":14,"column":27},"end":{"line":91,"column":1}},"line":14},"1":{"name":"(anonymous_1)","decl":{"start":{"line":19,"column":12},"end":{"line":19,"column":13}},"loc":{"start":{"line":19,"column":18},"end":{"line":21,"column":3}},"line":19},"2":{"name":"getApi","decl":{"start":{"line":30,"column":17},"end":{"line":30,"column":23}},"loc":{"start":{"line":30,"column":26},"end":{"line":35,"column":3}},"line":30},"3":{"name":"(anonymous_3)","decl":{"start":{"line":55,"column":20},"end":{"line":55,"column":21}},"loc":{"start":{"line":55,"column":27},"end":{"line":57,"column":11}},"line":55},"4":{"name":"(anonymous_4)","decl":{"start":{"line":63,"column":19},"end":{"line":63,"column":20}},"loc":{"start":{"line":63,"column":25},"end":{"line":66,"column":11}},"line":63},"5":{"name":"(anonymous_5)","decl":{"start":{"line":78,"column":33},"end":{"line":78,"column":34}},"loc":{"start":{"line":78,"column":49},"end":{"line":87,"column":9}},"line":78}},"branchMap":{"0":{"loc":{"start":{"line":37,"column":2},"end":{"line":39,"column":3}},"type":"if","locations":[{"start":{"line":37,"column":2},"end":{"line":39,"column":3}},{"start":{},"end":{}}],"line":37},"1":{"loc":{"start":{"line":41,"column":2},"end":{"line":41,"column":35}},"type":"if","locations":[{"start":{"line":41,"column":2},"end":{"line":41,"column":35}},{"start":{},"end":{}}],"line":41},"2":{"loc":{"start":{"line":42,"column":2},"end":{"line":43,"column":55}},"type":"if","locations":[{"start":{"line":42,"column":2},"end":{"line":43,"column":55}},{"start":{},"end":{}}],"line":42},"3":{"loc":{"start":{"line":42,"column":6},"end":{"line":42,"column":70}},"type":"binary-expr","locations":[{"start":{"line":42,"column":6},"end":{"line":42,"column":39}},{"start":{"line":42,"column":43},"end":{"line":42,"column":70}}],"line":42},"4":{"loc":{"start":{"line":44,"column":9},"end":{"line":90,"column":3}},"type":"cond-expr","locations":[{"start":{"line":45,"column":4},"end":{"line":45,"column":15}},{"start":{"line":47,"column":4},"end":{"line":89,"column":7}}],"line":44}},"s":{"0":1,"1":7,"2":7,"3":7,"4":7,"5":3,"6":3,"7":3,"8":3,"9":3,"10":7,"11":7,"12":0,"13":7,"14":0,"15":7,"16":0,"17":7,"18":1,"19":1,"20":1,"21":47},"f":{"0":7,"1":3,"2":3,"3":1,"4":1,"5":47},"b":{"0":[0,7],"1":[0,7],"2":[0,7],"3":[7,3],"4":[3,4]},"_coverageSchema":"1a1c01bbd47fc00a2c39e90264f33305004495a9","hash":"63f832f44fafdc48824c71e440bf87ab308f97af"}
,"C:\\Users\\CS\\Desktop\\React\\learning-react-1\\src\\components\\Header.js": {"path":"C:\\Users\\CS\\Desktop\\React\\learning-react-1\\src\\components\\Header.js","statementMap":{"0":{"start":{"line":11,"column":4},"end":{"line":16,"column":11}},"1":{"start":{"line":22,"column":15},"end":{"line":61,"column":1}},"2":{"start":{"line":23,"column":38},"end":{"line":23,"column":52}},"3":{"start":{"line":27,"column":20},"end":{"line":27,"column":60}},"4":{"start":{"line":27,"column":43},"end":{"line":27,"column":59}},"5":{"start":{"line":28,"column":2},"end":{"line":60,"column":4}},"6":{"start":{"line":53,"column":35},"end":{"line":53,"column":55}},"7":{"start":{"line":55,"column":35},"end":{"line":55,"column":54}}},"fnMap":{"0":{"name":"(anonymous_0)","decl":{"start":{"line":22,"column":15},"end":{"line":22,"column":16}},"loc":{"start":{"line":22,"column":21},"end":{"line":61,"column":1}},"line":22},"1":{"name":"(anonymous_1)","decl":{"start":{"line":27,"column":32},"end":{"line":27,"column":33}},"loc":{"start":{"line":27,"column":43},"end":{"line":27,"column":59}},"line":27},"2":{"name":"(anonymous_2)","decl":{"start":{"line":53,"column":29},"end":{"line":53,"column":30}},"loc":{"start":{"line":53,"column":35},"end":{"line":53,"column":55}},"line":53},"3":{"name":"(anonymous_3)","decl":{"start":{"line":55,"column":29},"end":{"line":55,"column":30}},"loc":{"start":{"line":55,"column":35},"end":{"line":55,"column":54}},"line":55}},"branchMap":{"0":{"loc":{"start":{"line":52,"column":11},"end":{"line":56,"column":11}},"type":"cond-expr","locations":[{"start":{"line":53,"column":12},"end":{"line":53,"column":72}},{"start":{"line":55,"column":12},"end":{"line":55,"column":70}}],"line":52}},"s":{"0":2,"1":2,"2":4,"3":4,"4":5,"5":4,"6":0,"7":0},"f":{"0":4,"1":5,"2":0,"3":0},"b":{"0":[4,0]},"_coverageSchema":"1a1c01bbd47fc00a2c39e90264f33305004495a9","hash":"1834e6038a144c8ce8b5bc9102cc12c41bb4f77d"}
,"C:\\Users\\CS\\Desktop\\React\\learning-react-1\\src\\components\\RestaurantCard.js": {"path":"C:\\Users\\CS\\Desktop\\React\\learning-react-1\\src\\components\\RestaurantCard.js","statementMap":{"0":{"start":{"line":5,"column":23},"end":{"line":24,"column":1}},"1":{"start":{"line":12,"column":2},"end":{"line":23,"column":4}}},"fnMap":{"0":{"name":"(anonymous_0)","decl":{"start":{"line":5,"column":23},"end":{"line":5,"column":24}},"loc":{"start":{"line":10,"column":6},"end":{"line":24,"column":1}},"line":10}},"branchMap":{},"s":{"0":1,"1":47},"f":{"0":47},"b":{},"_coverageSchema":"1a1c01bbd47fc00a2c39e90264f33305004495a9","hash":"ad455e12629f6db4ff4ddcfb15eb421ef78b7097"}
,"C:\\Users\\CS\\Desktop\\React\\learning-react-1\\src\\components\\RestaurantMenu.js": {"path":"C:\\Users\\CS\\Desktop\\React\\learning-react-1\\src\\components\\RestaurantMenu.js","statementMap":{"0":{"start":{"line":7,"column":23},"end":{"line":65,"column":1}},"1":{"start":{"line":8,"column":17},"end":{"line":8,"column":28}},"2":{"start":{"line":9,"column":21},"end":{"line":9,"column":42}},"3":{"start":{"line":10,"column":19},"end":{"line":10,"column":32}},"4":{"start":{"line":11,"column":23},"end":{"line":13,"column":3}},"5":{"start":{"line":12,"column":4},"end":{"line":12,"column":28}},"6":{"start":{"line":15,"column":2},"end":{"line":64,"column":4}},"7":{"start":{"line":47,"column":14},"end":{"line":58,"column":19}},"8":{"start":{"line":52,"column":33},"end":{"line":52,"column":63}}},"fnMap":{"0":{"name":"(anonymous_0)","decl":{"start":{"line":7,"column":23},"end":{"line":7,"column":24}},"loc":{"start":{"line":7,"column":29},"end":{"line":65,"column":1}},"line":7},"1":{"name":"(anonymous_1)","decl":{"start":{"line":11,"column":23},"end":{"line":11,"column":24}},"loc":{"start":{"line":11,"column":33},"end":{"line":13,"column":3}},"line":11},"2":{"name":"(anonymous_2)","decl":{"start":{"line":46,"column":12},"end":{"line":46,"column":13}},"loc":{"start":{"line":47,"column":14},"end":{"line":58,"column":19}},"line":47},"3":{"name":"(anonymous_3)","decl":{"start":{"line":52,"column":27},"end":{"line":52,"column":28}},"loc":{"start":{"line":52,"column":33},"end":{"line":52,"column":63}},"line":52}},"branchMap":{},"s":{"0":1,"1":2,"2":2,"3":2,"4":2,"5":1,"6":2,"7":15,"8":1},"f":{"0":2,"1":1,"2":15,"3":1},"b":{},"_coverageSchema":"1a1c01bbd47fc00a2c39e90264f33305004495a9","hash":"a1429d58d1f9b1bbb0f5eb04d785092d161f7060"}
,"C:\\Users\\CS\\Desktop\\React\\learning-react-1\\src\\components\\Shimmer.js": {"path":"C:\\Users\\CS\\Desktop\\React\\learning-react-1\\src\\components\\Shimmer.js","statementMap":{"0":{"start":{"line":3,"column":21},"end":{"line":9,"column":1}},"1":{"start":{"line":4,"column":2},"end":{"line":8,"column":4}},"2":{"start":{"line":11,"column":16},"end":{"line":21,"column":1}},"3":{"start":{"line":12,"column":2},"end":{"line":20,"column":4}},"4":{"start":{"line":17,"column":10},"end":{"line":17,"column":38}}},"fnMap":{"0":{"name":"(anonymous_0)","decl":{"start":{"line":3,"column":21},"end":{"line":3,"column":22}},"loc":{"start":{"line":3,"column":27},"end":{"line":9,"column":1}},"line":3},"1":{"name":"(anonymous_1)","decl":{"start":{"line":11,"column":16},"end":{"line":11,"column":17}},"loc":{"start":{"line":11,"column":22},"end":{"line":21,"column":1}},"line":11},"2":{"name":"(anonymous_2)","decl":{"start":{"line":16,"column":13},"end":{"line":16,"column":14}},"loc":{"start":{"line":17,"column":10},"end":{"line":17,"column":38}},"line":17}},"branchMap":{},"s":{"0":1,"1":45,"2":1,"3":3,"4":45},"f":{"0":45,"1":3,"2":45},"b":{},"_coverageSchema":"1a1c01bbd47fc00a2c39e90264f33305004495a9","hash":"bb8e4d2b5fcefa0272f754c2264e33f98858c336"}
,"C:\\Users\\CS\\Desktop\\React\\learning-react-1\\src\\components\\Testing.js": {"path":"C:\\Users\\CS\\Desktop\\React\\learning-react-1\\src\\components\\Testing.js","statementMap":{"0":{"start":{"line":2,"column":19},"end":{"line":2,"column":32}},"1":{"start":{"line":2,"column":28},"end":{"line":2,"column":32}}},"fnMap":{"0":{"name":"(anonymous_0)","decl":{"start":{"line":2,"column":19},"end":{"line":2,"column":20}},"loc":{"start":{"line":2,"column":28},"end":{"line":2,"column":32}},"line":2}},"branchMap":{},"s":{"0":1,"1":1},"f":{"0":1},"b":{},"_coverageSchema":"1a1c01bbd47fc00a2c39e90264f33305004495a9","hash":"f6849ee726f2c9a89aeeccfc5b4c81a976f436c4"}
,"C:\\Users\\CS\\Desktop\\React\\learning-react-1\\src\\mocks\\Data.js": {"path":"C:\\Users\\CS\\Desktop\\React\\learning-react-1\\src\\mocks\\Data.js","statementMap":{"0":{"start":{"line":1,"column":25},"end":{"line":2890,"column":1}},"1":{"start":{"line":2893,"column":31},"end":{"line":4616,"column":1}}},"fnMap":{},"branchMap":{},"s":{"0":2,"1":2},"f":{},"b":{},"_coverageSchema":"1a1c01bbd47fc00a2c39e90264f33305004495a9","hash":"09ff29cded97672288fcd162ef6563d179283654"}
,"C:\\Users\\CS\\Desktop\\React\\learning-react-1\\src\\mocks\\dummyLogo.js": {"path":"C:\\Users\\CS\\Desktop\\React\\learning-react-1\\src\\mocks\\dummyLogo.js","statementMap":{},"fnMap":{},"branchMap":{},"s":{},"f":{},"b":{},"_coverageSchema":"1a1c01bbd47fc00a2c39e90264f33305004495a9","hash":"e6bcc27e37cc2e5ca03fec3862f1a1e9722f95af"}
,"C:\\Users\\CS\\Desktop\\React\\learning-react-1\\src\\utils\\Helper.js": {"path":"C:\\Users\\CS\\Desktop\\React\\learning-react-1\\src\\utils\\Helper.js","statementMap":{"0":{"start":{"line":1,"column":36},"end":{"line":5,"column":3}},"1":{"start":{"line":2,"column":4},"end":{"line":4,"column":7}},"2":{"start":{"line":3,"column":6},"end":{"line":3,"column":87}}},"fnMap":{"0":{"name":"(anonymous_0)","decl":{"start":{"line":1,"column":36},"end":{"line":1,"column":37}},"loc":{"start":{"line":1,"column":65},"end":{"line":5,"column":3}},"line":1},"1":{"name":"(anonymous_1)","decl":{"start":{"line":2,"column":30},"end":{"line":2,"column":31}},"loc":{"start":{"line":2,"column":46},"end":{"line":4,"column":5}},"line":2}},"branchMap":{},"s":{"0":1,"1":1,"2":15},"f":{"0":1,"1":15},"b":{},"_coverageSchema":"1a1c01bbd47fc00a2c39e90264f33305004495a9","hash":"e911d18419f91d10fd4f43e090ee69f15e4f7ef7"}
,"C:\\Users\\CS\\Desktop\\React\\learning-react-1\\src\\utils\\UserContext.js": {"path":"C:\\Users\\CS\\Desktop\\React\\learning-react-1\\src\\utils\\UserContext.js","statementMap":{"0":{"start":{"line":3,"column":20},"end":{"line":10,"column":1}}},"fnMap":{},"branchMap":{},"s":{"0":3},"f":{},"b":{},"_coverageSchema":"1a1c01bbd47fc00a2c39e90264f33305004495a9","hash":"6dc598932fa05e1e96ca86682240bf54ae31bfde"}
,"C:\\Users\\CS\\Desktop\\React\\learning-react-1\\src\\utils\\cartSlice.js": {"path":"C:\\Users\\CS\\Desktop\\React\\learning-react-1\\src\\utils\\cartSlice.js","statementMap":{"0":{"start":{"line":3,"column":18},"end":{"line":19,"column":2}},"1":{"start":{"line":10,"column":6},"end":{"line":10,"column":39}},"2":{"start":{"line":13,"column":6},"end":{"line":13,"column":24}},"3":{"start":{"line":16,"column":6},"end":{"line":16,"column":23}},"4":{"start":{"line":22,"column":48},"end":{"line":22,"column":65}}},"fnMap":{"0":{"name":"(anonymous_0)","decl":{"start":{"line":9,"column":13},"end":{"line":9,"column":14}},"loc":{"start":{"line":9,"column":32},"end":{"line":11,"column":5}},"line":9},"1":{"name":"(anonymous_1)","decl":{"start":{"line":12,"column":16},"end":{"line":12,"column":17}},"loc":{"start":{"line":12,"column":35},"end":{"line":14,"column":5}},"line":12},"2":{"name":"(anonymous_2)","decl":{"start":{"line":15,"column":15},"end":{"line":15,"column":16}},"loc":{"start":{"line":15,"column":26},"end":{"line":17,"column":5}},"line":15}},"branchMap":{},"s":{"0":3,"1":1,"2":0,"3":0,"4":3},"f":{"0":1,"1":0,"2":0},"b":{},"_coverageSchema":"1a1c01bbd47fc00a2c39e90264f33305004495a9","hash":"aceb7a10b07520c0d16531c255909d1836f655c4"}
,"C:\\Users\\CS\\Desktop\\React\\learning-react-1\\src\\utils\\store.js": {"path":"C:\\Users\\CS\\Desktop\\React\\learning-react-1\\src\\utils\\store.js","statementMap":{"0":{"start":{"line":4,"column":14},"end":{"line":8,"column":2}}},"fnMap":{},"branchMap":{},"s":{"0":3},"f":{},"b":{},"_coverageSchema":"1a1c01bbd47fc00a2c39e90264f33305004495a9","hash":"b2d7af541befa9595e7c5f819d6ef768a7eee180"}
,"C:\\Users\\CS\\Desktop\\React\\learning-react-1\\src\\utils\\useOnline.js": {"path":"C:\\Users\\CS\\Desktop\\React\\learning-react-1\\src\\utils\\useOnline.js","statementMap":{"0":{"start":{"line":3,"column":18},"end":{"line":25,"column":1}},"1":{"start":{"line":4,"column":36},"end":{"line":4,"column":50}},"2":{"start":{"line":6,"column":4},"end":{"line":22,"column":9}},"3":{"start":{"line":8,"column":29},"end":{"line":10,"column":9}},"4":{"start":{"line":9,"column":12},"end":{"line":9,"column":29}},"5":{"start":{"line":11,"column":30},"end":{"line":13,"column":9}},"6":{"start":{"line":12,"column":12},"end":{"line":12,"column":30}},"7":{"start":{"line":14,"column":8},"end":{"line":14,"column":55}},"8":{"start":{"line":15,"column":8},"end":{"line":15,"column":57}},"9":{"start":{"line":18,"column":8},"end":{"line":21,"column":9}},"10":{"start":{"line":19,"column":12},"end":{"line":19,"column":62}},"11":{"start":{"line":20,"column":12},"end":{"line":20,"column":64}},"12":{"start":{"line":24,"column":4},"end":{"line":24,"column":19}}},"fnMap":{"0":{"name":"(anonymous_0)","decl":{"start":{"line":3,"column":18},"end":{"line":3,"column":19}},"loc":{"start":{"line":3,"column":24},"end":{"line":25,"column":1}},"line":3},"1":{"name":"(anonymous_1)","decl":{"start":{"line":6,"column":14},"end":{"line":6,"column":15}},"loc":{"start":{"line":6,"column":20},"end":{"line":22,"column":5}},"line":6},"2":{"name":"(anonymous_2)","decl":{"start":{"line":8,"column":29},"end":{"line":8,"column":30}},"loc":{"start":{"line":8,"column":35},"end":{"line":10,"column":9}},"line":8},"3":{"name":"(anonymous_3)","decl":{"start":{"line":11,"column":30},"end":{"line":11,"column":31}},"loc":{"start":{"line":11,"column":36},"end":{"line":13,"column":9}},"line":11},"4":{"name":"(anonymous_4)","decl":{"start":{"line":18,"column":15},"end":{"line":18,"column":16}},"loc":{"start":{"line":18,"column":21},"end":{"line":21,"column":9}},"line":18}},"branchMap":{},"s":{"0":1,"1":7,"2":7,"3":3,"4":0,"5":3,"6":0,"7":3,"8":3,"9":3,"10":3,"11":3,"12":7},"f":{"0":7,"1":3,"2":0,"3":0,"4":3},"b":{},"_coverageSchema":"1a1c01bbd47fc00a2c39e90264f33305004495a9","hash":"65a453de28bf17200190c9093e4052761c83f4c5"}
,"C:\\Users\\CS\\Desktop\\React\\learning-react-1\\src\\utils\\useRestaurantMenu.js": {"path":"C:\\Users\\CS\\Desktop\\React\\learning-react-1\\src\\utils\\useRestaurantMenu.js","statementMap":{"0":{"start":{"line":6,"column":26},"end":{"line":34,"column":1}},"1":{"start":{"line":7,"column":40},"end":{"line":7,"column":54}},"2":{"start":{"line":9,"column":2},"end":{"line":11,"column":9}},"3":{"start":{"line":10,"column":4},"end":{"line":10,"column":24}},"4":{"start":{"line":15,"column":17},"end":{"line":17,"column":5}},"5":{"start":{"line":18,"column":17},"end":{"line":18,"column":34}},"6":{"start":{"line":19,"column":4},"end":{"line":19,"column":30}},"7":{"start":{"line":31,"column":2},"end":{"line":33,"column":3}}},"fnMap":{"0":{"name":"(anonymous_0)","decl":{"start":{"line":6,"column":26},"end":{"line":6,"column":27}},"loc":{"start":{"line":6,"column":34},"end":{"line":34,"column":1}},"line":6},"1":{"name":"(anonymous_1)","decl":{"start":{"line":9,"column":12},"end":{"line":9,"column":13}},"loc":{"start":{"line":9,"column":18},"end":{"line":11,"column":3}},"line":9},"2":{"name":"getRestaurantMenu","decl":{"start":{"line":13,"column":17},"end":{"line":13,"column":34}},"loc":{"start":{"line":13,"column":37},"end":{"line":29,"column":3}},"line":13}},"branchMap":{},"s":{"0":1,"1":2,"2":2,"3":1,"4":1,"5":1,"6":1,"7":2},"f":{"0":2,"1":1,"2":1},"b":{},"_coverageSchema":"1a1c01bbd47fc00a2c39e90264f33305004495a9","hash":"fec22cfb2ccb0fbfadfdb71d43c2f5223cc453ed"}
}
