TN:
SF:src\Constant.js
FNF:0
FNH:0
DA:1,2
DA:3,2
DA:7,2
DA:9,2
DA:11,2
LF:5
LH:5
BRF:0
BRH:0
end_of_record
TN:
SF:src\components\Body.js
FN:14,(anonymous_0)
FN:19,(anonymous_1)
FN:30,getApi
FN:55,(anonymous_3)
FN:63,(anonymous_4)
FN:78,(anonymous_5)
FNF:6
FNH:6
FNDA:7,(anonymous_0)
FNDA:3,(anonymous_1)
FNDA:3,getApi
FNDA:1,(anonymous_3)
FNDA:1,(anonymous_4)
FNDA:47,(anonymous_5)
DA:14,1
DA:15,7
DA:16,7
DA:17,7
DA:19,7
DA:20,3
DA:31,3
DA:32,3
DA:33,3
DA:34,3
DA:36,7
DA:37,7
DA:38,0
DA:41,7
DA:42,7
DA:43,0
DA:44,7
DA:56,1
DA:64,1
DA:65,1
DA:79,47
LF:21
LH:19
BRDA:37,0,0,0
BRDA:37,0,1,7
BRDA:41,1,0,0
BRDA:41,1,1,7
BRDA:42,2,0,0
BRDA:42,2,1,7
BRDA:42,3,0,7
BRDA:42,3,1,3
BRDA:44,4,0,3
BRDA:44,4,1,4
BRF:10
BRH:7
end_of_record
TN:
SF:src\components\Header.js
FN:22,(anonymous_0)
FN:27,(anonymous_1)
FN:53,(anonymous_2)
FN:55,(anonymous_3)
FNF:4
FNH:2
FNDA:4,(anonymous_0)
FNDA:5,(anonymous_1)
FNDA:0,(anonymous_2)
FNDA:0,(anonymous_3)
DA:11,2
DA:22,2
DA:23,4
DA:27,5
DA:28,4
DA:53,0
DA:55,0
LF:7
LH:5
BRDA:52,0,0,4
BRDA:52,0,1,0
BRF:2
BRH:1
end_of_record
TN:
SF:src\components\RestaurantCard.js
FN:5,(anonymous_0)
FNF:1
FNH:1
FNDA:47,(anonymous_0)
DA:5,1
DA:12,47
LF:2
LH:2
BRF:0
BRH:0
end_of_record
TN:
SF:src\components\RestaurantMenu.js
FN:7,(anonymous_0)
FN:11,(anonymous_1)
FN:46,(anonymous_2)
FN:52,(anonymous_3)
FNF:4
FNH:4
FNDA:2,(anonymous_0)
FNDA:1,(anonymous_1)
FNDA:15,(anonymous_2)
FNDA:1,(anonymous_3)
DA:7,1
DA:8,2
DA:9,2
DA:10,2
DA:11,2
DA:12,1
DA:15,2
DA:47,15
DA:52,1
LF:9
LH:9
BRF:0
BRH:0
end_of_record
TN:
SF:src\components\Shimmer.js
FN:3,(anonymous_0)
FN:11,(anonymous_1)
FN:16,(anonymous_2)
FNF:3
FNH:3
FNDA:45,(anonymous_0)
FNDA:3,(anonymous_1)
FNDA:45,(anonymous_2)
DA:3,1
DA:4,45
DA:11,1
DA:12,3
DA:17,45
LF:5
LH:5
BRF:0
BRH:0
end_of_record
TN:
SF:src\components\Testing.js
FN:2,(anonymous_0)
FNF:1
FNH:1
FNDA:1,(anonymous_0)
DA:2,1
LF:1
LH:1
BRF:0
BRH:0
end_of_record
TN:
SF:src\mocks\Data.js
FNF:0
FNH:0
DA:1,2
DA:2893,2
LF:2
LH:2
BRF:0
BRH:0
end_of_record
TN:
SF:src\mocks\dummyLogo.js
FNF:0
FNH:0
LF:0
LH:0
BRF:0
BRH:0
end_of_record
TN:
SF:src\utils\Helper.js
FN:1,(anonymous_0)
FN:2,(anonymous_1)
FNF:2
FNH:2
FNDA:1,(anonymous_0)
FNDA:15,(anonymous_1)
DA:1,1
DA:2,1
DA:3,15
LF:3
LH:3
BRF:0
BRH:0
end_of_record
TN:
SF:src\utils\UserContext.js
FNF:0
FNH:0
DA:3,3
LF:1
LH:1
BRF:0
BRH:0
end_of_record
TN:
SF:src\utils\cartSlice.js
FN:9,(anonymous_0)
FN:12,(anonymous_1)
FN:15,(anonymous_2)
FNF:3
FNH:1
FNDA:1,(anonymous_0)
FNDA:0,(anonymous_1)
FNDA:0,(anonymous_2)
DA:3,3
DA:10,1
DA:13,0
DA:16,0
DA:22,3
LF:5
LH:3
BRF:0
BRH:0
end_of_record
TN:
SF:src\utils\store.js
FNF:0
FNH:0
DA:4,3
LF:1
LH:1
BRF:0
BRH:0
end_of_record
TN:
SF:src\utils\useOnline.js
FN:3,(anonymous_0)
FN:6,(anonymous_1)
FN:8,(anonymous_2)
FN:11,(anonymous_3)
FN:18,(anonymous_4)
FNF:5
FNH:3
FNDA:7,(anonymous_0)
FNDA:3,(anonymous_1)
FNDA:0,(anonymous_2)
FNDA:0,(anonymous_3)
FNDA:3,(anonymous_4)
DA:3,1
DA:4,7
DA:6,7
DA:8,3
DA:9,0
DA:11,3
DA:12,0
DA:14,3
DA:15,3
DA:18,3
DA:19,3
DA:20,3
DA:24,7
LF:13
LH:11
BRF:0
BRH:0
end_of_record
TN:
SF:src\utils\useRestaurantMenu.js
FN:6,(anonymous_0)
FN:9,(anonymous_1)
FN:13,getRestaurantMenu
FNF:3
FNH:3
FNDA:2,(anonymous_0)
FNDA:1,(anonymous_1)
FNDA:1,getRestaurantMenu
DA:6,1
DA:7,2
DA:9,2
DA:10,1
DA:15,1
DA:18,1
DA:19,1
DA:31,2
LF:8
LH:8
BRF:0
BRH:0
end_of_record
